2024-09-20 14:43:24,435 INFO o.a.j.u.JMeterUtils: Setting Locale to en_EN
2024-09-20 14:43:24,462 INFO o.a.j.JMeter: Loading user properties from: user.properties
2024-09-20 14:43:24,463 INFO o.a.j.JMeter: Loading system properties from: system.properties
2024-09-20 14:43:24,476 INFO o.a.j.JMeter: Copyright (c) 1998-2024 The Apache Software Foundation
2024-09-20 14:43:24,476 INFO o.a.j.JMeter: Version 5.6.3
2024-09-20 14:43:24,476 INFO o.a.j.JMeter: java.version=21.0.4
2024-09-20 14:43:24,476 INFO o.a.j.JMeter: java.vm.name=Java HotSpot(TM) 64-Bit Server VM
2024-09-20 14:43:24,476 INFO o.a.j.JMeter: os.name=Windows 11
2024-09-20 14:43:24,476 INFO o.a.j.JMeter: os.arch=amd64
2024-09-20 14:43:24,476 INFO o.a.j.JMeter: os.version=10.0
2024-09-20 14:43:24,477 INFO o.a.j.JMeter: file.encoding=UTF-8
2024-09-20 14:43:24,477 INFO o.a.j.JMeter: java.awt.headless=null
2024-09-20 14:43:24,477 INFO o.a.j.JMeter: Max memory     =1073741824
2024-09-20 14:43:24,477 INFO o.a.j.JMeter: Available Processors =8
2024-09-20 14:43:24,493 INFO o.a.j.JMeter: Default Locale=English (EN)
2024-09-20 14:43:24,494 INFO o.a.j.JMeter: JMeter  Locale=English (EN)
2024-09-20 14:43:24,494 INFO o.a.j.JMeter: JMeterHome=C:\Users\ROHIT RAWAT\OneDrive\Desktop\Microservice\apache-jmeter-5.6.3\apache-jmeter-5.6.3
2024-09-20 14:43:24,494 INFO o.a.j.JMeter: user.dir  =C:\Users\ROHIT RAWAT\OneDrive\Desktop\Microservice\apache-jmeter-5.6.3\apache-jmeter-5.6.3\bin
2024-09-20 14:43:24,494 INFO o.a.j.JMeter: PWD       =C:\Users\ROHIT RAWAT\OneDrive\Desktop\Microservice\apache-jmeter-5.6.3\apache-jmeter-5.6.3\bin
2024-09-20 14:43:24,495 INFO o.a.j.JMeter: IP: 192.168.1.10 Name: DESKTOP-NTLNG30 FullName: DESKTOP-NTLNG30
2024-09-20 14:43:24,513 INFO o.a.j.JMeter: Loaded icon properties from org/apache/jmeter/images/icon.properties
2024-09-20 14:43:24,800 INFO o.a.j.JMeterGuiLauncher: Setting LAF to: com.github.weisj.darklaf.DarkLaf:com.github.weisj.darklaf.theme.DarculaTheme
2024-09-20 14:44:53,696 INFO o.a.j.p.h.s.HTTPSamplerBase: Parser for text/html is org.apache.jmeter.protocol.http.parser.LagartoBasedHtmlParser
2024-09-20 14:44:53,697 INFO o.a.j.p.h.s.HTTPSamplerBase: Parser for application/xhtml+xml is org.apache.jmeter.protocol.http.parser.LagartoBasedHtmlParser
2024-09-20 14:44:53,697 INFO o.a.j.p.h.s.HTTPSamplerBase: Parser for application/xml is org.apache.jmeter.protocol.http.parser.LagartoBasedHtmlParser
2024-09-20 14:44:53,697 INFO o.a.j.p.h.s.HTTPSamplerBase: Parser for text/xml is org.apache.jmeter.protocol.http.parser.LagartoBasedHtmlParser
2024-09-20 14:44:53,697 INFO o.a.j.p.h.s.HTTPSamplerBase: Parser for text/vnd.wap.wml is org.apache.jmeter.protocol.http.parser.RegexpHTMLParser
2024-09-20 14:44:53,697 INFO o.a.j.p.h.s.HTTPSamplerBase: Parser for text/css is org.apache.jmeter.protocol.http.parser.CssParser
2024-09-20 14:46:27,792 INFO o.a.j.s.SampleResult: Note: Sample TimeStamps are START times
2024-09-20 14:46:27,792 INFO o.a.j.s.SampleResult: sampleresult.default.encoding is set to UTF-8
2024-09-20 14:46:27,792 INFO o.a.j.s.SampleResult: sampleresult.useNanoTime=true
2024-09-20 14:46:27,792 INFO o.a.j.s.SampleResult: sampleresult.nanoThreadSleep=5000
2024-09-20 14:48:12,684 INFO o.a.j.s.FileServer: Default base='C:\Users\ROHIT RAWAT\OneDrive\Desktop\Microservice\apache-jmeter-5.6.3\apache-jmeter-5.6.3\bin'
2024-09-20 14:48:12,685 INFO o.a.j.s.FileServer: Set new base='C:\Users\ROHIT RAWAT\OneDrive\Desktop\Microservice\apache-jmeter-5.6.3\apache-jmeter-5.6.3\bin'
2024-09-20 14:48:12,976 INFO o.a.j.s.SaveService: Testplan (JMX) version: 2.2. Testlog (JTL) version: 2.2
2024-09-20 14:48:13,017 INFO o.a.j.s.SaveService: Using SaveService properties version 5.0
2024-09-20 14:48:13,019 INFO o.a.j.s.SaveService: Using SaveService properties file encoding UTF-8
2024-09-20 14:48:13,050 INFO o.a.j.e.StandardJMeterEngine: Running the test!
2024-09-20 14:48:13,052 INFO o.a.j.s.SampleEvent: List of sample_variables: []
2024-09-20 14:48:13,052 INFO o.a.j.s.SampleEvent: List of sample_variables: []
2024-09-20 14:48:13,053 INFO o.a.j.e.u.CompoundVariable: Note: Function class names must contain the string: '.functions.'
2024-09-20 14:48:13,053 INFO o.a.j.e.u.CompoundVariable: Note: Function class names must not contain the string: '.gui.'
2024-09-20 14:48:13,127 INFO o.a.j.g.u.JMeterMenuBar: setRunning(true, *local*)
2024-09-20 14:48:13,198 INFO o.a.j.e.StandardJMeterEngine: Starting ThreadGroup: 1 : Thread Group
2024-09-20 14:48:13,198 INFO o.a.j.e.StandardJMeterEngine: Starting 15 threads for group Thread Group.
2024-09-20 14:48:13,199 INFO o.a.j.e.StandardJMeterEngine: Thread will continue on error
2024-09-20 14:48:13,199 INFO o.a.j.t.ThreadGroup: Starting thread group... number=1 threads=15 ramp-up=1 delayedStart=false
2024-09-20 14:48:13,203 INFO o.a.j.t.JMeterThread: Thread started: Thread Group 1-1
2024-09-20 14:48:13,207 INFO o.a.j.t.ThreadGroup: Started thread group number 1
2024-09-20 14:48:13,208 INFO o.a.j.e.StandardJMeterEngine: All thread groups have been started
2024-09-20 14:48:13,228 INFO o.a.j.p.h.s.HTTPHCAbstractImpl: Local host = DESKTOP-NTLNG30
2024-09-20 14:48:13,236 INFO o.a.j.p.h.s.HTTPHC4Impl: HTTP request retry count = 0
2024-09-20 14:48:13,268 INFO o.a.j.t.JMeterThread: Thread started: Thread Group 1-2
2024-09-20 14:48:13,347 INFO o.a.j.t.JMeterThread: Thread started: Thread Group 1-3
2024-09-20 14:48:13,409 INFO o.a.j.t.JMeterThread: Thread started: Thread Group 1-4
2024-09-20 14:48:13,470 INFO o.a.j.t.JMeterThread: Thread started: Thread Group 1-5
2024-09-20 14:48:13,550 INFO o.a.j.t.JMeterThread: Thread started: Thread Group 1-6
2024-09-20 14:48:13,611 INFO o.a.j.t.JMeterThread: Thread started: Thread Group 1-7
2024-09-20 14:48:13,675 INFO o.a.j.t.JMeterThread: Thread started: Thread Group 1-8
2024-09-20 14:48:13,729 INFO o.a.j.t.JMeterThread: Thread is done: Thread Group 1-6
2024-09-20 14:48:13,729 INFO o.a.j.t.JMeterThread: Thread is done: Thread Group 1-5
2024-09-20 14:48:13,729 INFO o.a.j.t.JMeterThread: Thread is done: Thread Group 1-8
2024-09-20 14:48:13,729 INFO o.a.j.t.JMeterThread: Thread is done: Thread Group 1-4
2024-09-20 14:48:13,730 INFO o.a.j.t.JMeterThread: Thread is done: Thread Group 1-1
2024-09-20 14:48:13,730 INFO o.a.j.t.JMeterThread: Thread finished: Thread Group 1-1
2024-09-20 14:48:13,730 INFO o.a.j.t.JMeterThread: Thread finished: Thread Group 1-4
2024-09-20 14:48:13,730 INFO o.a.j.t.JMeterThread: Thread finished: Thread Group 1-8
2024-09-20 14:48:13,729 INFO o.a.j.t.JMeterThread: Thread is done: Thread Group 1-3
2024-09-20 14:48:13,729 INFO o.a.j.t.JMeterThread: Thread finished: Thread Group 1-6
2024-09-20 14:48:13,729 INFO o.a.j.t.JMeterThread: Thread finished: Thread Group 1-5
2024-09-20 14:48:13,729 INFO o.a.j.t.JMeterThread: Thread is done: Thread Group 1-2
2024-09-20 14:48:13,730 INFO o.a.j.t.JMeterThread: Thread finished: Thread Group 1-3
2024-09-20 14:48:13,729 INFO o.a.j.t.JMeterThread: Thread is done: Thread Group 1-7
2024-09-20 14:48:13,730 INFO o.a.j.t.JMeterThread: Thread finished: Thread Group 1-2
2024-09-20 14:48:13,730 INFO o.a.j.t.JMeterThread: Thread finished: Thread Group 1-7
2024-09-20 14:48:13,737 INFO o.a.j.t.JMeterThread: Thread started: Thread Group 1-9
2024-09-20 14:48:13,754 INFO o.a.j.t.JMeterThread: Thread is done: Thread Group 1-9
2024-09-20 14:48:13,755 INFO o.a.j.t.JMeterThread: Thread finished: Thread Group 1-9
2024-09-20 14:48:13,815 INFO o.a.j.t.JMeterThread: Thread started: Thread Group 1-10
2024-09-20 14:48:13,826 INFO o.a.j.t.JMeterThread: Thread is done: Thread Group 1-10
2024-09-20 14:48:13,826 INFO o.a.j.t.JMeterThread: Thread finished: Thread Group 1-10
2024-09-20 14:48:13,878 INFO o.a.j.t.JMeterThread: Thread started: Thread Group 1-11
2024-09-20 14:48:13,886 INFO o.a.j.t.JMeterThread: Thread is done: Thread Group 1-11
2024-09-20 14:48:13,886 INFO o.a.j.t.JMeterThread: Thread finished: Thread Group 1-11
2024-09-20 14:48:13,942 INFO o.a.j.t.JMeterThread: Thread started: Thread Group 1-12
2024-09-20 14:48:13,950 INFO o.a.j.t.JMeterThread: Thread is done: Thread Group 1-12
2024-09-20 14:48:13,950 INFO o.a.j.t.JMeterThread: Thread finished: Thread Group 1-12
2024-09-20 14:48:14,020 INFO o.a.j.t.JMeterThread: Thread started: Thread Group 1-13
2024-09-20 14:48:14,033 INFO o.a.j.t.JMeterThread: Thread is done: Thread Group 1-13
2024-09-20 14:48:14,033 INFO o.a.j.t.JMeterThread: Thread finished: Thread Group 1-13
2024-09-20 14:48:14,081 INFO o.a.j.t.JMeterThread: Thread started: Thread Group 1-14
2024-09-20 14:48:14,090 INFO o.a.j.t.JMeterThread: Thread is done: Thread Group 1-14
2024-09-20 14:48:14,092 INFO o.a.j.t.JMeterThread: Thread finished: Thread Group 1-14
2024-09-20 14:48:14,143 INFO o.a.j.t.JMeterThread: Thread started: Thread Group 1-15
2024-09-20 14:48:14,152 INFO o.a.j.t.JMeterThread: Thread is done: Thread Group 1-15
2024-09-20 14:48:14,152 INFO o.a.j.t.JMeterThread: Thread finished: Thread Group 1-15
2024-09-20 14:48:14,153 INFO o.a.j.e.StandardJMeterEngine: Notifying test listeners of end of test
2024-09-20 14:48:14,153 INFO o.a.j.g.u.JMeterMenuBar: setRunning(false, *local*)
2024-09-20 14:49:09,800 INFO o.a.j.e.StandardJMeterEngine: Running the test!
2024-09-20 14:49:09,801 INFO o.a.j.s.SampleEvent: List of sample_variables: []
2024-09-20 14:49:09,801 INFO o.a.j.g.u.JMeterMenuBar: setRunning(true, *local*)
2024-09-20 14:49:09,838 INFO o.a.j.e.StandardJMeterEngine: Starting ThreadGroup: 1 : Thread Group
2024-09-20 14:49:09,838 INFO o.a.j.e.StandardJMeterEngine: Starting 15 threads for group Thread Group.
2024-09-20 14:49:09,838 INFO o.a.j.e.StandardJMeterEngine: Thread will continue on error
2024-09-20 14:49:09,838 INFO o.a.j.t.ThreadGroup: Starting thread group... number=1 threads=15 ramp-up=1 delayedStart=false
2024-09-20 14:49:09,840 INFO o.a.j.t.JMeterThread: Thread started: Thread Group 1-1
2024-09-20 14:49:09,842 INFO o.a.j.t.ThreadGroup: Started thread group number 1
2024-09-20 14:49:09,843 INFO o.a.j.e.StandardJMeterEngine: All thread groups have been started
2024-09-20 14:49:09,913 INFO o.a.j.t.JMeterThread: Thread started: Thread Group 1-2
2024-09-20 14:49:09,975 INFO o.a.j.t.JMeterThread: Thread started: Thread Group 1-3
2024-09-20 14:49:10,007 INFO o.a.j.t.JMeterThread: Thread is done: Thread Group 1-3
2024-09-20 14:49:10,007 INFO o.a.j.t.JMeterThread: Thread is done: Thread Group 1-2
2024-09-20 14:49:10,007 INFO o.a.j.t.JMeterThread: Thread is done: Thread Group 1-1
2024-09-20 14:49:10,008 INFO o.a.j.t.JMeterThread: Thread finished: Thread Group 1-3
2024-09-20 14:49:10,008 INFO o.a.j.t.JMeterThread: Thread finished: Thread Group 1-2
2024-09-20 14:49:10,008 INFO o.a.j.t.JMeterThread: Thread finished: Thread Group 1-1
2024-09-20 14:49:10,054 INFO o.a.j.t.JMeterThread: Thread started: Thread Group 1-4
2024-09-20 14:49:10,062 INFO o.a.j.t.JMeterThread: Thread is done: Thread Group 1-4
2024-09-20 14:49:10,062 INFO o.a.j.t.JMeterThread: Thread finished: Thread Group 1-4
2024-09-20 14:49:10,116 INFO o.a.j.t.JMeterThread: Thread started: Thread Group 1-5
2024-09-20 14:49:10,128 INFO o.a.j.t.JMeterThread: Thread is done: Thread Group 1-5
2024-09-20 14:49:10,128 INFO o.a.j.t.JMeterThread: Thread finished: Thread Group 1-5
2024-09-20 14:49:10,179 INFO o.a.j.t.JMeterThread: Thread started: Thread Group 1-6
2024-09-20 14:49:10,191 INFO o.a.j.t.JMeterThread: Thread is done: Thread Group 1-6
2024-09-20 14:49:10,191 INFO o.a.j.t.JMeterThread: Thread finished: Thread Group 1-6
2024-09-20 14:49:10,243 INFO o.a.j.t.JMeterThread: Thread started: Thread Group 1-7
2024-09-20 14:49:10,251 INFO o.a.j.t.JMeterThread: Thread is done: Thread Group 1-7
2024-09-20 14:49:10,251 INFO o.a.j.t.JMeterThread: Thread finished: Thread Group 1-7
2024-09-20 14:49:10,320 INFO o.a.j.t.JMeterThread: Thread started: Thread Group 1-8
2024-09-20 14:49:10,327 INFO o.a.j.t.JMeterThread: Thread is done: Thread Group 1-8
2024-09-20 14:49:10,327 INFO o.a.j.t.JMeterThread: Thread finished: Thread Group 1-8
2024-09-20 14:49:10,384 INFO o.a.j.t.JMeterThread: Thread started: Thread Group 1-9
2024-09-20 14:49:10,390 INFO o.a.j.t.JMeterThread: Thread is done: Thread Group 1-9
2024-09-20 14:49:10,392 INFO o.a.j.t.JMeterThread: Thread finished: Thread Group 1-9
2024-09-20 14:49:10,447 INFO o.a.j.t.JMeterThread: Thread started: Thread Group 1-10
2024-09-20 14:49:10,455 INFO o.a.j.t.JMeterThread: Thread is done: Thread Group 1-10
2024-09-20 14:49:10,455 INFO o.a.j.t.JMeterThread: Thread finished: Thread Group 1-10
2024-09-20 14:49:10,511 INFO o.a.j.t.JMeterThread: Thread started: Thread Group 1-11
2024-09-20 14:49:10,519 INFO o.a.j.t.JMeterThread: Thread is done: Thread Group 1-11
2024-09-20 14:49:10,519 INFO o.a.j.t.JMeterThread: Thread finished: Thread Group 1-11
2024-09-20 14:49:10,589 INFO o.a.j.t.JMeterThread: Thread started: Thread Group 1-12
2024-09-20 14:49:10,595 INFO o.a.j.t.JMeterThread: Thread is done: Thread Group 1-12
2024-09-20 14:49:10,595 INFO o.a.j.t.JMeterThread: Thread finished: Thread Group 1-12
2024-09-20 14:49:10,650 INFO o.a.j.t.JMeterThread: Thread started: Thread Group 1-13
2024-09-20 14:49:10,659 INFO o.a.j.t.JMeterThread: Thread is done: Thread Group 1-13
2024-09-20 14:49:10,659 INFO o.a.j.t.JMeterThread: Thread finished: Thread Group 1-13
2024-09-20 14:49:10,713 INFO o.a.j.t.JMeterThread: Thread started: Thread Group 1-14
2024-09-20 14:49:10,719 INFO o.a.j.t.JMeterThread: Thread is done: Thread Group 1-14
2024-09-20 14:49:10,719 INFO o.a.j.t.JMeterThread: Thread finished: Thread Group 1-14
2024-09-20 14:49:10,790 INFO o.a.j.t.JMeterThread: Thread started: Thread Group 1-15
2024-09-20 14:49:10,798 INFO o.a.j.t.JMeterThread: Thread is done: Thread Group 1-15
2024-09-20 14:49:10,798 INFO o.a.j.t.JMeterThread: Thread finished: Thread Group 1-15
2024-09-20 14:49:10,798 INFO o.a.j.e.StandardJMeterEngine: Notifying test listeners of end of test
2024-09-20 14:49:10,799 INFO o.a.j.g.u.JMeterMenuBar: setRunning(false, *local*)
